<?xml version="1.0" encoding="UTF-8"?>
<!-- Generated by org.testng.reporters.JUnitXMLReporter -->
<testsuite ignored="0" hostname="LTIN302858" failures="0" tests="3" name="ChromeTest" time="63.214" errors="0" timestamp="2024-02-23T11:12:25 IST">
  <testcase classname="testCases.TS01_UpcomingBikes" name="upComingBikes" time="8.611"/>
  <testcase classname="testCases.TS02_UsedCars" name="usedCars" time="19.14"/>
  <testcase classname="testCases.TS03_GoogleSignIn" name="testGoogleSignIn" time="10.021"/>
</testsuite> <!-- ChromeTest -->
