<?xml version="1.0" encoding="UTF-8"?>
<!-- Generated by org.testng.reporters.JUnitXMLReporter -->
<testsuite ignored="0" hostname="LTIN302858" failures="0" tests="12" name="Test" time="138.69" errors="0" timestamp="2024-03-06T10:53:39 IST">
  <testcase classname="testCases.TS01_UpcomingBikes" name="TC01_newBikesHover" time="5.738"/>
  <testcase classname="testCases.TS01_UpcomingBikes" name="TC02_upComingBikesClick" time="35.92"/>
  <testcase classname="testCases.TS01_UpcomingBikes" name="TC03_selectManufacturer" time="1.585"/>
  <testcase classname="testCases.TS01_UpcomingBikes" name="TC04_viewMoreBikes" time="0.496"/>
  <testcase classname="testCases.TS01_UpcomingBikes" name="TC05_listOfBikes" time="4.364"/>
  <testcase classname="testCases.TS02_UsedCars" name="TC06_usedCars" time="10.512"/>
  <testcase classname="testCases.TS02_UsedCars" name="TC07_usedCarsChennai" time="28.672"/>
  <testcase classname="testCases.TS02_UsedCars" name="TC08_popularModels" time="5.708"/>
  <testcase classname="testCases.TS03_GoogleSignIn" name="TC09_clickSignIn" time="0.559"/>
  <testcase classname="testCases.TS03_GoogleSignIn" name="TC10_googleSignIn" time="0.346"/>
  <testcase classname="testCases.TS03_GoogleSignIn" name="TC11_captureErrorMessage" time="19.357"/>
  <testcase classname="testCases.TS03_GoogleSignIn" name="TC12_closepopup" time="0.23"/>
</testsuite> <!-- Test -->
