<?xml version="1.0" encoding="UTF-8"?>
<!-- Generated by org.testng.reporters.JUnitXMLReporter -->
<testsuite ignored="0" hostname="LTIN302858" failures="0" tests="12" name="Test" time="86.418" errors="0" timestamp="2024-03-06T11:17:59 IST">
  <testcase classname="testCases.TS01_UpcomingBikes" name="TC01_newBikesHover" time="5.682"/>
  <testcase classname="testCases.TS01_UpcomingBikes" name="TC02_upComingBikesClick" time="0.95"/>
  <testcase classname="testCases.TS01_UpcomingBikes" name="TC03_selectManufacturer" time="1.158"/>
  <testcase classname="testCases.TS01_UpcomingBikes" name="TC04_viewMoreBikes" time="0.411"/>
  <testcase classname="testCases.TS01_UpcomingBikes" name="TC05_listOfBikes" time="4.515"/>
  <testcase classname="testCases.TS02_UsedCars" name="TC06_usedCars" time="10.597"/>
  <testcase classname="testCases.TS02_UsedCars" name="TC07_usedCarsChennai" time="10.516"/>
  <testcase classname="testCases.TS02_UsedCars" name="TC08_popularModels" time="5.751"/>
  <testcase classname="testCases.TS03_GoogleSignIn" name="TC09_clickSignIn" time="0.267"/>
  <testcase classname="testCases.TS03_GoogleSignIn" name="TC10_googleSignIn" time="0.202"/>
  <testcase classname="testCases.TS03_GoogleSignIn" name="TC11_captureErrorMessage" time="18.551"/>
  <testcase classname="testCases.TS03_GoogleSignIn" name="TC12_closepopup" time="0.223"/>
</testsuite> <!-- Test -->
