<?xml version="1.0" encoding="UTF-8"?>
<testng-results ignored="0" total="12" passed="12" failed="0" skipped="0">
  <reporter-output>
  </reporter-output>
  <suite started-at="2024-03-14T11:34:08 IST" name="Suite" finished-at="2024-03-14T11:35:35 IST" duration-ms="86723">
    <groups>
      <group name="regression">
        <method signature="TS01_UpcomingBikes.TC01_newBikesHover()[pri:1, instance:testCases.TS01_UpcomingBikes@5a45133e]" name="TC01_newBikesHover" class="testCases.TS01_UpcomingBikes"/>
        <method signature="TS01_UpcomingBikes.TC02_upComingBikesClick()[pri:2, instance:testCases.TS01_UpcomingBikes@5a45133e]" name="TC02_upComingBikesClick" class="testCases.TS01_UpcomingBikes"/>
        <method signature="TS01_UpcomingBikes.TC03_selectManufacturer()[pri:3, instance:testCases.TS01_UpcomingBikes@5a45133e]" name="TC03_selectManufacturer" class="testCases.TS01_UpcomingBikes"/>
        <method signature="TS01_UpcomingBikes.TC04_viewMoreBikes()[pri:4, instance:testCases.TS01_UpcomingBikes@5a45133e]" name="TC04_viewMoreBikes" class="testCases.TS01_UpcomingBikes"/>
        <method signature="TS01_UpcomingBikes.TC05_listOfBikes()[pri:5, instance:testCases.TS01_UpcomingBikes@5a45133e]" name="TC05_listOfBikes" class="testCases.TS01_UpcomingBikes"/>
        <method signature="TS02_UsedCars.TC06_usedCars()[pri:1, instance:testCases.TS02_UsedCars@4d5650ae]" name="TC06_usedCars" class="testCases.TS02_UsedCars"/>
        <method signature="TS02_UsedCars.TC07_usedCarsChennai()[pri:2, instance:testCases.TS02_UsedCars@4d5650ae]" name="TC07_usedCarsChennai" class="testCases.TS02_UsedCars"/>
        <method signature="TS02_UsedCars.TC08_popularModels()[pri:3, instance:testCases.TS02_UsedCars@4d5650ae]" name="TC08_popularModels" class="testCases.TS02_UsedCars"/>
        <method signature="TS03_GoogleSignIn.TC09_clickSignIn()[pri:0, instance:testCases.TS03_GoogleSignIn@a38c7fe]" name="TC09_clickSignIn" class="testCases.TS03_GoogleSignIn"/>
        <method signature="TS03_GoogleSignIn.TC10_googleSignIn()[pri:1, instance:testCases.TS03_GoogleSignIn@a38c7fe]" name="TC10_googleSignIn" class="testCases.TS03_GoogleSignIn"/>
        <method signature="TS03_GoogleSignIn.TC11_captureErrorMessage()[pri:2, instance:testCases.TS03_GoogleSignIn@a38c7fe]" name="TC11_captureErrorMessage" class="testCases.TS03_GoogleSignIn"/>
        <method signature="TS03_GoogleSignIn.TC12_closepopup()[pri:3, instance:testCases.TS03_GoogleSignIn@a38c7fe]" name="TC12_closepopup" class="testCases.TS03_GoogleSignIn"/>
      </group> <!-- regression -->
      <group name="smoke">
        <method signature="TS01_UpcomingBikes.TC01_newBikesHover()[pri:1, instance:testCases.TS01_UpcomingBikes@5a45133e]" name="TC01_newBikesHover" class="testCases.TS01_UpcomingBikes"/>
        <method signature="TS01_UpcomingBikes.TC02_upComingBikesClick()[pri:2, instance:testCases.TS01_UpcomingBikes@5a45133e]" name="TC02_upComingBikesClick" class="testCases.TS01_UpcomingBikes"/>
        <method signature="TS02_UsedCars.TC06_usedCars()[pri:1, instance:testCases.TS02_UsedCars@4d5650ae]" name="TC06_usedCars" class="testCases.TS02_UsedCars"/>
        <method signature="TS03_GoogleSignIn.TC09_clickSignIn()[pri:0, instance:testCases.TS03_GoogleSignIn@a38c7fe]" name="TC09_clickSignIn" class="testCases.TS03_GoogleSignIn"/>
        <method signature="TS03_GoogleSignIn.TC10_googleSignIn()[pri:1, instance:testCases.TS03_GoogleSignIn@a38c7fe]" name="TC10_googleSignIn" class="testCases.TS03_GoogleSignIn"/>
      </group> <!-- smoke -->
    </groups>
    <test started-at="2024-03-14T11:34:08 IST" name="Test" finished-at="2024-03-14T11:35:35 IST" duration-ms="86723">
      <class name="testCases.TS02_UsedCars">
        <test-method is-config="true" signature="setup(java.lang.String)[pri:0, instance:testCases.TS02_UsedCars@4d5650ae]" started-at="2024-03-14T11:34:34 IST" name="setup" finished-at="2024-03-14T11:34:40 IST" duration-ms="5336" status="PASS">
          <params>
            <param index="0">
              <value>
                <![CDATA[Chrome]]>
              </value>
            </param>
          </params>
          <reporter-output>
          </reporter-output>
        </test-method> <!-- setup -->
        <test-method signature="TC06_usedCars()[pri:1, instance:testCases.TS02_UsedCars@4d5650ae]" started-at="2024-03-14T11:34:40 IST" name="TC06_usedCars" finished-at="2024-03-14T11:34:45 IST" duration-ms="5632" status="PASS">
          <reporter-output>
          </reporter-output>
        </test-method> <!-- TC06_usedCars -->
        <test-method signature="TC07_usedCarsChennai()[pri:2, instance:testCases.TS02_UsedCars@4d5650ae]" started-at="2024-03-14T11:34:46 IST" name="TC07_usedCarsChennai" finished-at="2024-03-14T11:34:55 IST" duration-ms="9294" status="PASS">
          <reporter-output>
          </reporter-output>
        </test-method> <!-- TC07_usedCarsChennai -->
        <test-method signature="TC08_popularModels()[pri:3, instance:testCases.TS02_UsedCars@4d5650ae]" started-at="2024-03-14T11:34:55 IST" name="TC08_popularModels" finished-at="2024-03-14T11:35:01 IST" duration-ms="5780" status="PASS">
          <reporter-output>
          </reporter-output>
        </test-method> <!-- TC08_popularModels -->
        <test-method is-config="true" signature="teardown()[pri:0, instance:testCases.TS02_UsedCars@4d5650ae]" started-at="2024-03-14T11:35:01 IST" name="teardown" finished-at="2024-03-14T11:35:02 IST" duration-ms="1101" status="PASS">
          <reporter-output>
          </reporter-output>
        </test-method> <!-- teardown -->
      </class> <!-- testCases.TS02_UsedCars -->
      <class name="testCases.TS03_GoogleSignIn">
        <test-method is-config="true" signature="setup(java.lang.String)[pri:0, instance:testCases.TS03_GoogleSignIn@a38c7fe]" started-at="2024-03-14T11:35:02 IST" name="setup" finished-at="2024-03-14T11:35:11 IST" duration-ms="8896" status="PASS">
          <params>
            <param index="0">
              <value>
                <![CDATA[Chrome]]>
              </value>
            </param>
          </params>
          <reporter-output>
          </reporter-output>
        </test-method> <!-- setup -->
        <test-method signature="TC09_clickSignIn()[pri:0, instance:testCases.TS03_GoogleSignIn@a38c7fe]" started-at="2024-03-14T11:35:11 IST" name="TC09_clickSignIn" finished-at="2024-03-14T11:35:12 IST" duration-ms="568" status="PASS">
          <reporter-output>
          </reporter-output>
        </test-method> <!-- TC09_clickSignIn -->
        <test-method signature="TC10_googleSignIn()[pri:1, instance:testCases.TS03_GoogleSignIn@a38c7fe]" started-at="2024-03-14T11:35:12 IST" name="TC10_googleSignIn" finished-at="2024-03-14T11:35:12 IST" duration-ms="537" status="PASS">
          <reporter-output>
          </reporter-output>
        </test-method> <!-- TC10_googleSignIn -->
        <test-method signature="TC11_captureErrorMessage()[pri:2, instance:testCases.TS03_GoogleSignIn@a38c7fe]" started-at="2024-03-14T11:35:13 IST" name="TC11_captureErrorMessage" finished-at="2024-03-14T11:35:33 IST" duration-ms="20005" status="PASS">
          <reporter-output>
          </reporter-output>
        </test-method> <!-- TC11_captureErrorMessage -->
        <test-method signature="TC12_closepopup()[pri:3, instance:testCases.TS03_GoogleSignIn@a38c7fe]" started-at="2024-03-14T11:35:33 IST" name="TC12_closepopup" finished-at="2024-03-14T11:35:33 IST" duration-ms="320" status="PASS">
          <reporter-output>
          </reporter-output>
        </test-method> <!-- TC12_closepopup -->
        <test-method is-config="true" signature="teardown()[pri:0, instance:testCases.TS03_GoogleSignIn@a38c7fe]" started-at="2024-03-14T11:35:34 IST" name="teardown" finished-at="2024-03-14T11:35:35 IST" duration-ms="1104" status="PASS">
          <reporter-output>
          </reporter-output>
        </test-method> <!-- teardown -->
      </class> <!-- testCases.TS03_GoogleSignIn -->
      <class name="testCases.TS01_UpcomingBikes">
        <test-method is-config="true" signature="setup(java.lang.String)[pri:0, instance:testCases.TS01_UpcomingBikes@5a45133e]" started-at="2024-03-14T11:34:08 IST" name="setup" finished-at="2024-03-14T11:34:19 IST" duration-ms="10406" status="PASS">
          <params>
            <param index="0">
              <value>
                <![CDATA[Chrome]]>
              </value>
            </param>
          </params>
          <reporter-output>
          </reporter-output>
        </test-method> <!-- setup -->
        <test-method signature="TC01_newBikesHover()[pri:1, instance:testCases.TS01_UpcomingBikes@5a45133e]" started-at="2024-03-14T11:34:19 IST" name="TC01_newBikesHover" finished-at="2024-03-14T11:34:24 IST" duration-ms="5617" status="PASS">
          <reporter-output>
          </reporter-output>
        </test-method> <!-- TC01_newBikesHover -->
        <test-method signature="TC02_upComingBikesClick()[pri:2, instance:testCases.TS01_UpcomingBikes@5a45133e]" started-at="2024-03-14T11:34:25 IST" name="TC02_upComingBikesClick" finished-at="2024-03-14T11:34:25 IST" duration-ms="833" status="PASS">
          <reporter-output>
          </reporter-output>
        </test-method> <!-- TC02_upComingBikesClick -->
        <test-method signature="TC03_selectManufacturer()[pri:3, instance:testCases.TS01_UpcomingBikes@5a45133e]" started-at="2024-03-14T11:34:26 IST" name="TC03_selectManufacturer" finished-at="2024-03-14T11:34:28 IST" duration-ms="2449" status="PASS">
          <reporter-output>
          </reporter-output>
        </test-method> <!-- TC03_selectManufacturer -->
        <test-method signature="TC04_viewMoreBikes()[pri:4, instance:testCases.TS01_UpcomingBikes@5a45133e]" started-at="2024-03-14T11:34:28 IST" name="TC04_viewMoreBikes" finished-at="2024-03-14T11:34:29 IST" duration-ms="306" status="PASS">
          <reporter-output>
          </reporter-output>
        </test-method> <!-- TC04_viewMoreBikes -->
        <test-method signature="TC05_listOfBikes()[pri:5, instance:testCases.TS01_UpcomingBikes@5a45133e]" started-at="2024-03-14T11:34:29 IST" name="TC05_listOfBikes" finished-at="2024-03-14T11:34:33 IST" duration-ms="4147" status="PASS">
          <reporter-output>
          </reporter-output>
        </test-method> <!-- TC05_listOfBikes -->
        <test-method is-config="true" signature="teardown()[pri:0, instance:testCases.TS01_UpcomingBikes@5a45133e]" started-at="2024-03-14T11:34:33 IST" name="teardown" finished-at="2024-03-14T11:34:34 IST" duration-ms="1109" status="PASS">
          <reporter-output>
          </reporter-output>
        </test-method> <!-- teardown -->
      </class> <!-- testCases.TS01_UpcomingBikes -->
    </test> <!-- Test -->
  </suite> <!-- Suite -->
</testng-results>
